<?xml version="1.0" encoding="UTF-8"?>
<!-- Generated by org.testng.reporters.JUnitXMLReporter -->
<testsuite ignored="0" hostname="LAPTOP-R4MPUL09" failures="1" tests="1" name="Test" time="23.641" errors="0" timestamp="2021-09-22T15:29:02 IST">
  <testcase classname="Automation.E2Eproject.Homepage" name="Loginpage" time="0.489">
    <failure type="java.lang.AssertionError" message="expected [Reset] but found [Reset Password]">
      <![CDATA[java.lang.AssertionError: expected [Reset] but found [Reset Password]
at Automation.E2Eproject.Homepage.Loginpage(Homepage.java:35)
at java.base/java.util.ArrayList.forEach(ArrayList.java:1511)
at java.base/java.util.concurrent.FutureTask.run(FutureTask.java:264)
at java.base/java.util.concurrent.ThreadPoolExecutor.runWorker(ThreadPoolExecutor.java:1130)
at java.base/java.util.concurrent.ThreadPoolExecutor$Worker.run(ThreadPoolExecutor.java:630)
at java.base/java.lang.Thread.run(Thread.java:831)
... Removed 24 stack frames]]>
    </failure>
  </testcase> <!-- Loginpage -->
</testsuite> <!-- Test -->
