<?xml version="1.0" encoding="UTF-8"?>
<testsuite xmlns:xsi="http://www.w3.org/2001/XMLSchema-instance" xsi:noNamespaceSchemaLocation="https://maven.apache.org/surefire/maven-surefire-plugin/xsd/surefire-test-report-3.0.xsd" version="3.0" name="TestSuite" time="14.114" tests="3" errors="0" skipped="0" failures="1">
  <properties>
[...]
</properties>
  <testcase name="Loginpage" classname="Automation.E2Eproject.Homepage" time="0.224">
    <failure message="expected [Reset] but found [Reset Password]" type="java.lang.AssertionError"><![CDATA[java.lang.AssertionError: expected [Reset] but found [Reset Password]
	at Automation.E2Eproject.Homepage.Loginpage(Homepage.java:35)
]]></failure>
    <system-out><![CDATA[Reset Password
]]></system-out>
    <system-err><![CDATA[Starting ChromeDriver 93.0.4577.63 (ff5c0da2ec0adeaed5550e6c7e98417dac77d98a-refs/branch-heads/4577@{#1135}) on port 25869
Only local connections are allowed.
Please see https://chromedriver.chromium.org/securiSttayr-tciongn sCihdroemerDartivieorn s93 .0f.4o5r7 7.s63u (gfgf5ecs0tdia2oencs0a doenae dk5e55e0pei6ncg 7Ce9h8ro4m17eDdarciv7er7 ds9a8af-er.ef
s/branch-heads/4577@{#1135}) on port 7135
Only local connections are allowed.
Please see https://chromedriver.chromium.org/security-considerations for suggestions on keeping ChromeDriver safe.
ChromeDriver was started successfully.
ChromeDriver was started successfully.
Sep 22, 2021 5:19:24 PM org.openqa.selenium.remote.ProtocolHandshake createSession
INFO: Detected dialect: W3C
Sep 22, 2021 5:19:24 PM org.openqa.selenium.remote.ProtocolHandshake createSession
INFO: Detected dialect: W3C
]]></system-err>
  </testcase>
  <testcase name="loginp[saicharan, 123456, santhosh](1)" classname="Automation.E2Eproject.Homepage2" time="0.51">
    <system-out><![CDATA[santhosh
Invalid email or password.
]]></system-out>
    <system-err><![CDATA[Starting ChromeDriver 93.0.4577.63 (ff5c0da2ec0adeaed5550e6c7e98417dac77d98a-refs/branch-heads/4577@{#1135}) on port 12139
Only local connections are allowed.
Please see https://chromedriver.chromium.org/security-considerations for suggestions on keeping ChromeDriver safe.
ChromeDriver was started successfully.
]]></system-err>
  </testcase>
  <testcase name="loginp[4656, charan, 8778785](2)" classname="Automation.E2Eproject.Homepage2" time="0.538">
    <system-out><![CDATA[8778785
Invalid email or password.
]]></system-out>
    <system-err><![CDATA[Starting ChromeDriver 93.0.4577.63 (ff5c0da2ec0adeaed5550e6c7e98417dac77d98a-refs/branch-heads/4577@{#1135}) on port 8228
Only local connections are allowed.
Please see https://chromedriver.chromium.org/security-considerations for suggestions on keeping ChromeDriver safe.
ChromeDriver was started successfully.
Sep 22, 2021 5:19:28 PM org.openqa.selenium.remote.ProtocolHandshake createSession
INFO: Detected dialect: W3C
Sep 22, 2021 5:19:29 PM org.openqa.selenium.remote.ProtocolHandshake createSession
INFO: Detected dialect: W3C
]]></system-err>
  </testcase>
</testsuite>