-------------------------------------------------------------------------------
Test set: TestSuite
-------------------------------------------------------------------------------
Tests run: 3, Failures: 1, Errors: 0, Skipped: 0, Time elapsed: 14.114 s <<< FAILURE! - in TestSuite
Automation.E2Eproject.Homepage.Loginpage  Time elapsed: 0.224 s  <<< FAILURE!
java.lang.AssertionError: expected [Reset] but found [Reset Password]
	at Automation.E2Eproject.Homepage.Loginpage(Homepage.java:35)

